{"D:\\work\\react-todo\\client\\src\\components\\AddToDo\\AddToDo.js": {"path":"D:\\work\\react-todo\\client\\src\\components\\AddToDo\\AddToDo.js","statementMap":{"0":{"start":{"line":9,"column":16},"end":{"line":60,"column":1}},"1":{"start":{"line":10,"column":34},"end":{"line":10,"column":49}},"2":{"start":{"line":11,"column":26},"end":{"line":11,"column":38}},"3":{"start":{"line":12,"column":22},"end":{"line":12,"column":27}},"4":{"start":{"line":14,"column":26},"end":{"line":35,"column":3}},"5":{"start":{"line":15,"column":4},"end":{"line":34,"column":5}},"6":{"start":{"line":16,"column":6},"end":{"line":16,"column":24}},"7":{"start":{"line":18,"column":6},"end":{"line":33,"column":7}},"8":{"start":{"line":19,"column":24},"end":{"line":26,"column":9}},"9":{"start":{"line":28,"column":8},"end":{"line":28,"column":25}},"10":{"start":{"line":29,"column":8},"end":{"line":31,"column":9}},"11":{"start":{"line":30,"column":10},"end":{"line":30,"column":42}},"12":{"start":{"line":32,"column":8},"end":{"line":32,"column":20}},"13":{"start":{"line":37,"column":35},"end":{"line":40,"column":3}},"14":{"start":{"line":38,"column":4},"end":{"line":38,"column":23}},"15":{"start":{"line":39,"column":4},"end":{"line":39,"column":16}},"16":{"start":{"line":42,"column":88},"end":{"line":47,"column":3}},"17":{"start":{"line":43,"column":4},"end":{"line":46,"column":5}},"18":{"start":{"line":44,"column":6},"end":{"line":44,"column":29}},"19":{"start":{"line":45,"column":6},"end":{"line":45,"column":12}},"20":{"start":{"line":49,"column":2},"end":{"line":59,"column":4}},"21":{"start":{"line":52,"column":127},"end":{"line":52,"column":150}},"22":{"start":{"line":62,"column":27},"end":{"line":64,"column":2}},"23":{"start":{"line":62,"column":40},"end":{"line":64,"column":1}},"24":{"start":{"line":63,"column":19},"end":{"line":63,"column":42}}},"fnMap":{"0":{"name":"(anonymous_0)","decl":{"start":{"line":9,"column":16},"end":{"line":9,"column":17}},"loc":{"start":{"line":9,"column":62},"end":{"line":60,"column":1}},"line":9},"1":{"name":"(anonymous_1)","decl":{"start":{"line":14,"column":26},"end":{"line":14,"column":27}},"loc":{"start":{"line":14,"column":32},"end":{"line":35,"column":3}},"line":14},"2":{"name":"(anonymous_2)","decl":{"start":{"line":37,"column":35},"end":{"line":37,"column":36}},"loc":{"start":{"line":37,"column":41},"end":{"line":40,"column":3}},"line":37},"3":{"name":"(anonymous_3)","decl":{"start":{"line":42,"column":88},"end":{"line":42,"column":89}},"loc":{"start":{"line":42,"column":97},"end":{"line":47,"column":3}},"line":42},"4":{"name":"(anonymous_4)","decl":{"start":{"line":52,"column":122},"end":{"line":52,"column":123}},"loc":{"start":{"line":52,"column":127},"end":{"line":52,"column":150}},"line":52},"5":{"name":"(anonymous_5)","decl":{"start":{"line":62,"column":27},"end":{"line":62,"column":28}},"loc":{"start":{"line":62,"column":40},"end":{"line":64,"column":1}},"line":62},"6":{"name":"(anonymous_6)","decl":{"start":{"line":63,"column":11},"end":{"line":63,"column":12}},"loc":{"start":{"line":63,"column":19},"end":{"line":63,"column":42}},"line":63}},"branchMap":{"0":{"loc":{"start":{"line":15,"column":4},"end":{"line":34,"column":5}},"type":"if","locations":[{"start":{"line":15,"column":4},"end":{"line":34,"column":5}},{"start":{"line":15,"column":4},"end":{"line":34,"column":5}}],"line":15},"1":{"loc":{"start":{"line":18,"column":6},"end":{"line":33,"column":7}},"type":"if","locations":[{"start":{"line":18,"column":6},"end":{"line":33,"column":7}},{"start":{"line":18,"column":6},"end":{"line":33,"column":7}}],"line":18},"2":{"loc":{"start":{"line":29,"column":8},"end":{"line":31,"column":9}},"type":"if","locations":[{"start":{"line":29,"column":8},"end":{"line":31,"column":9}},{"start":{"line":29,"column":8},"end":{"line":31,"column":9}}],"line":29},"3":{"loc":{"start":{"line":43,"column":4},"end":{"line":46,"column":5}},"type":"if","locations":[{"start":{"line":43,"column":4},"end":{"line":46,"column":5}},{"start":{"line":43,"column":4},"end":{"line":46,"column":5}}],"line":43},"4":{"loc":{"start":{"line":51,"column":50},"end":{"line":51,"column":76}},"type":"cond-expr","locations":[{"start":{"line":51,"column":61},"end":{"line":51,"column":71}},{"start":{"line":51,"column":74},"end":{"line":51,"column":76}}],"line":51},"5":{"loc":{"start":{"line":55,"column":53},"end":{"line":55,"column":84}},"type":"cond-expr","locations":[{"start":{"line":55,"column":64},"end":{"line":55,"column":73}},{"start":{"line":55,"column":76},"end":{"line":55,"column":84}}],"line":55},"6":{"loc":{"start":{"line":56,"column":61},"end":{"line":56,"column":88}},"type":"cond-expr","locations":[{"start":{"line":56,"column":72},"end":{"line":56,"column":74}},{"start":{"line":56,"column":77},"end":{"line":56,"column":88}}],"line":56},"7":{"loc":{"start":{"line":56,"column":132},"end":{"line":56,"column":161}},"type":"cond-expr","locations":[{"start":{"line":56,"column":143},"end":{"line":56,"column":148}},{"start":{"line":56,"column":151},"end":{"line":56,"column":161}}],"line":56}},"s":{"0":2,"1":10,"2":10,"3":10,"4":10,"5":3,"6":2,"7":1,"8":1,"9":1,"10":1,"11":0,"12":1,"13":10,"14":0,"15":0,"16":10,"17":0,"18":0,"19":0,"20":10,"21":1,"22":2,"23":6,"24":1},"f":{"0":10,"1":3,"2":0,"3":0,"4":1,"5":6,"6":1},"b":{"0":[2,1],"1":[1,0],"2":[0,1],"3":[0,0],"4":[4,6],"5":[4,6],"6":[4,6],"7":[4,6]},"_coverageSchema":"43e27e138ebf9cfc5966b082cf9a028302ed4184","hash":"567e0531a1412970a141f925dac905a67033ae03"}
,"D:\\work\\react-todo\\client\\src\\components\\ToDo\\ToDo.js": {"path":"D:\\work\\react-todo\\client\\src\\components\\ToDo\\ToDo.js","statementMap":{"0":{"start":{"line":13,"column":13},"end":{"line":111,"column":1}},"1":{"start":{"line":14,"column":36},"end":{"line":14,"column":51}},"2":{"start":{"line":15,"column":34},"end":{"line":15,"column":53}},"3":{"start":{"line":16,"column":68},"end":{"line":16,"column":72}},"4":{"start":{"line":18,"column":36},"end":{"line":21,"column":3}},"5":{"start":{"line":19,"column":4},"end":{"line":19,"column":27}},"6":{"start":{"line":20,"column":4},"end":{"line":20,"column":24}},"7":{"start":{"line":23,"column":37},"end":{"line":29,"column":3}},"8":{"start":{"line":24,"column":4},"end":{"line":24,"column":46}},"9":{"start":{"line":25,"column":4},"end":{"line":27,"column":5}},"10":{"start":{"line":26,"column":6},"end":{"line":26,"column":64}},"11":{"start":{"line":28,"column":4},"end":{"line":28,"column":24}},"12":{"start":{"line":31,"column":17},"end":{"line":36,"column":3}},"13":{"start":{"line":32,"column":4},"end":{"line":32,"column":23}},"14":{"start":{"line":33,"column":4},"end":{"line":35,"column":5}},"15":{"start":{"line":34,"column":6},"end":{"line":34,"column":41}},"16":{"start":{"line":38,"column":16},"end":{"line":43,"column":3}},"17":{"start":{"line":39,"column":4},"end":{"line":39,"column":22}},"18":{"start":{"line":40,"column":4},"end":{"line":42,"column":5}},"19":{"start":{"line":41,"column":6},"end":{"line":41,"column":40}},"20":{"start":{"line":45,"column":15},"end":{"line":50,"column":3}},"21":{"start":{"line":46,"column":4},"end":{"line":46,"column":21}},"22":{"start":{"line":47,"column":4},"end":{"line":49,"column":5}},"23":{"start":{"line":48,"column":6},"end":{"line":48,"column":39}},"24":{"start":{"line":52,"column":21},"end":{"line":57,"column":3}},"25":{"start":{"line":53,"column":4},"end":{"line":53,"column":23}},"26":{"start":{"line":54,"column":4},"end":{"line":56,"column":5}},"27":{"start":{"line":55,"column":6},"end":{"line":55,"column":41}},"28":{"start":{"line":59,"column":2},"end":{"line":110,"column":4}},"29":{"start":{"line":63,"column":116},"end":{"line":63,"column":143}},"30":{"start":{"line":83,"column":114},"end":{"line":83,"column":129}},"31":{"start":{"line":86,"column":114},"end":{"line":86,"column":133}},"32":{"start":{"line":89,"column":117},"end":{"line":89,"column":135}},"33":{"start":{"line":92,"column":112},"end":{"line":92,"column":126}},"34":{"start":{"line":100,"column":108},"end":{"line":100,"column":121}},"35":{"start":{"line":113,"column":27},"end":{"line":119,"column":2}},"36":{"start":{"line":113,"column":40},"end":{"line":119,"column":1}},"37":{"start":{"line":114,"column":30},"end":{"line":114,"column":54}},"38":{"start":{"line":115,"column":28},"end":{"line":115,"column":50}},"39":{"start":{"line":116,"column":29},"end":{"line":116,"column":52}},"40":{"start":{"line":117,"column":60},"end":{"line":117,"column":92}},"41":{"start":{"line":118,"column":30},"end":{"line":118,"column":54}}},"fnMap":{"0":{"name":"(anonymous_0)","decl":{"start":{"line":13,"column":13},"end":{"line":13,"column":14}},"loc":{"start":{"line":13,"column":64},"end":{"line":111,"column":1}},"line":13},"1":{"name":"(anonymous_1)","decl":{"start":{"line":18,"column":36},"end":{"line":18,"column":37}},"loc":{"start":{"line":18,"column":42},"end":{"line":21,"column":3}},"line":18},"2":{"name":"(anonymous_2)","decl":{"start":{"line":23,"column":37},"end":{"line":23,"column":38}},"loc":{"start":{"line":23,"column":43},"end":{"line":29,"column":3}},"line":23},"3":{"name":"(anonymous_3)","decl":{"start":{"line":31,"column":17},"end":{"line":31,"column":18}},"loc":{"start":{"line":31,"column":27},"end":{"line":36,"column":3}},"line":31},"4":{"name":"(anonymous_4)","decl":{"start":{"line":38,"column":16},"end":{"line":38,"column":17}},"loc":{"start":{"line":38,"column":26},"end":{"line":43,"column":3}},"line":38},"5":{"name":"(anonymous_5)","decl":{"start":{"line":45,"column":15},"end":{"line":45,"column":16}},"loc":{"start":{"line":45,"column":25},"end":{"line":50,"column":3}},"line":45},"6":{"name":"(anonymous_6)","decl":{"start":{"line":52,"column":21},"end":{"line":52,"column":22}},"loc":{"start":{"line":52,"column":31},"end":{"line":57,"column":3}},"line":52},"7":{"name":"(anonymous_7)","decl":{"start":{"line":63,"column":111},"end":{"line":63,"column":112}},"loc":{"start":{"line":63,"column":116},"end":{"line":63,"column":143}},"line":63},"8":{"name":"(anonymous_8)","decl":{"start":{"line":83,"column":108},"end":{"line":83,"column":109}},"loc":{"start":{"line":83,"column":114},"end":{"line":83,"column":129}},"line":83},"9":{"name":"(anonymous_9)","decl":{"start":{"line":86,"column":108},"end":{"line":86,"column":109}},"loc":{"start":{"line":86,"column":114},"end":{"line":86,"column":133}},"line":86},"10":{"name":"(anonymous_10)","decl":{"start":{"line":89,"column":111},"end":{"line":89,"column":112}},"loc":{"start":{"line":89,"column":117},"end":{"line":89,"column":135}},"line":89},"11":{"name":"(anonymous_11)","decl":{"start":{"line":92,"column":106},"end":{"line":92,"column":107}},"loc":{"start":{"line":92,"column":112},"end":{"line":92,"column":126}},"line":92},"12":{"name":"(anonymous_12)","decl":{"start":{"line":100,"column":102},"end":{"line":100,"column":103}},"loc":{"start":{"line":100,"column":108},"end":{"line":100,"column":121}},"line":100},"13":{"name":"(anonymous_13)","decl":{"start":{"line":113,"column":27},"end":{"line":113,"column":28}},"loc":{"start":{"line":113,"column":40},"end":{"line":119,"column":1}},"line":113},"14":{"name":"(anonymous_14)","decl":{"start":{"line":114,"column":14},"end":{"line":114,"column":15}},"loc":{"start":{"line":114,"column":30},"end":{"line":114,"column":54}},"line":114},"15":{"name":"(anonymous_15)","decl":{"start":{"line":115,"column":12},"end":{"line":115,"column":13}},"loc":{"start":{"line":115,"column":28},"end":{"line":115,"column":50}},"line":115},"16":{"name":"(anonymous_16)","decl":{"start":{"line":116,"column":13},"end":{"line":116,"column":14}},"loc":{"start":{"line":116,"column":29},"end":{"line":116,"column":52}},"line":116},"17":{"name":"(anonymous_17)","decl":{"start":{"line":117,"column":12},"end":{"line":117,"column":13}},"loc":{"start":{"line":117,"column":60},"end":{"line":117,"column":92}},"line":117},"18":{"name":"(anonymous_18)","decl":{"start":{"line":118,"column":14},"end":{"line":118,"column":15}},"loc":{"start":{"line":118,"column":30},"end":{"line":118,"column":54}},"line":118}},"branchMap":{"0":{"loc":{"start":{"line":25,"column":4},"end":{"line":27,"column":5}},"type":"if","locations":[{"start":{"line":25,"column":4},"end":{"line":27,"column":5}},{"start":{"line":25,"column":4},"end":{"line":27,"column":5}}],"line":25},"1":{"loc":{"start":{"line":33,"column":4},"end":{"line":35,"column":5}},"type":"if","locations":[{"start":{"line":33,"column":4},"end":{"line":35,"column":5}},{"start":{"line":33,"column":4},"end":{"line":35,"column":5}}],"line":33},"2":{"loc":{"start":{"line":40,"column":4},"end":{"line":42,"column":5}},"type":"if","locations":[{"start":{"line":40,"column":4},"end":{"line":42,"column":5}},{"start":{"line":40,"column":4},"end":{"line":42,"column":5}}],"line":40},"3":{"loc":{"start":{"line":47,"column":4},"end":{"line":49,"column":5}},"type":"if","locations":[{"start":{"line":47,"column":4},"end":{"line":49,"column":5}},{"start":{"line":47,"column":4},"end":{"line":49,"column":5}}],"line":47},"4":{"loc":{"start":{"line":54,"column":4},"end":{"line":56,"column":5}},"type":"if","locations":[{"start":{"line":54,"column":4},"end":{"line":56,"column":5}},{"start":{"line":54,"column":4},"end":{"line":56,"column":5}}],"line":54},"5":{"loc":{"start":{"line":60,"column":28},"end":{"line":60,"column":51}},"type":"cond-expr","locations":[{"start":{"line":60,"column":40},"end":{"line":60,"column":46}},{"start":{"line":60,"column":49},"end":{"line":60,"column":51}}],"line":60},"6":{"loc":{"start":{"line":60,"column":55},"end":{"line":60,"column":86}},"type":"cond-expr","locations":[{"start":{"line":60,"column":71},"end":{"line":60,"column":81}},{"start":{"line":60,"column":84},"end":{"line":60,"column":86}}],"line":60},"7":{"loc":{"start":{"line":62,"column":9},"end":{"line":64,"column":97}},"type":"cond-expr","locations":[{"start":{"line":63,"column":12},"end":{"line":63,"column":147}},{"start":{"line":64,"column":12},"end":{"line":64,"column":97}}],"line":62},"8":{"loc":{"start":{"line":64,"column":41},"end":{"line":64,"column":76}},"type":"cond-expr","locations":[{"start":{"line":64,"column":57},"end":{"line":64,"column":71}},{"start":{"line":64,"column":74},"end":{"line":64,"column":76}}],"line":64},"9":{"loc":{"start":{"line":68,"column":9},"end":{"line":106,"column":11}},"type":"cond-expr","locations":[{"start":{"line":70,"column":12},"end":{"line":77,"column":29}},{"start":{"line":79,"column":12},"end":{"line":105,"column":29}}],"line":68},"10":{"loc":{"start":{"line":80,"column":15},"end":{"line":96,"column":24}},"type":"cond-expr","locations":[{"start":{"line":82,"column":18},"end":{"line":95,"column":35}},{"start":{"line":96,"column":20},"end":{"line":96,"column":24}}],"line":80},"11":{"loc":{"start":{"line":80,"column":15},"end":{"line":80,"column":43}},"type":"binary-expr","locations":[{"start":{"line":80,"column":15},"end":{"line":80,"column":25}},{"start":{"line":80,"column":29},"end":{"line":80,"column":43}}],"line":80},"12":{"loc":{"start":{"line":98,"column":15},"end":{"line":103,"column":24}},"type":"cond-expr","locations":[{"start":{"line":100,"column":18},"end":{"line":102,"column":27}},{"start":{"line":103,"column":20},"end":{"line":103,"column":24}}],"line":98},"13":{"loc":{"start":{"line":98,"column":15},"end":{"line":98,"column":42}},"type":"binary-expr","locations":[{"start":{"line":98,"column":15},"end":{"line":98,"column":25}},{"start":{"line":98,"column":29},"end":{"line":98,"column":42}}],"line":98}},"s":{"0":3,"1":23,"2":23,"3":23,"4":23,"5":1,"6":1,"7":23,"8":1,"9":1,"10":0,"11":1,"12":23,"13":1,"14":1,"15":0,"16":23,"17":1,"18":1,"19":0,"20":23,"21":1,"22":1,"23":0,"24":23,"25":1,"26":1,"27":0,"28":23,"29":1,"30":1,"31":1,"32":2,"33":1,"34":1,"35":3,"36":18,"37":1,"38":1,"39":1,"40":1,"41":1},"f":{"0":23,"1":1,"2":1,"3":1,"4":1,"5":1,"6":1,"7":1,"8":1,"9":1,"10":2,"11":1,"12":1,"13":18,"14":1,"15":1,"16":1,"17":1,"18":1},"b":{"0":[0,1],"1":[0,1],"2":[0,1],"3":[0,1],"4":[0,1],"5":[2,21],"6":[2,21],"7":[3,20],"8":[2,18],"9":[3,20],"10":[16,4],"11":[20,18],"12":[2,18],"13":[20,18]},"_coverageSchema":"43e27e138ebf9cfc5966b082cf9a028302ed4184","hash":"d9ce1157015ed63383d3f8ab01a036a7a72a27e7"}
}
