TN:
SF:D:\work\react-todo\client\src\components\AddToDo\AddToDo.js
FN:9,(anonymous_0)
FN:14,(anonymous_1)
FN:37,(anonymous_2)
FN:42,(anonymous_3)
FN:52,(anonymous_4)
FN:62,(anonymous_5)
FN:63,(anonymous_6)
FNF:7
FNH:5
FNDA:10,(anonymous_0)
FNDA:3,(anonymous_1)
FNDA:0,(anonymous_2)
FNDA:0,(anonymous_3)
FNDA:1,(anonymous_4)
FNDA:6,(anonymous_5)
FNDA:1,(anonymous_6)
DA:9,2
DA:10,10
DA:11,10
DA:12,10
DA:14,10
DA:15,3
DA:16,2
DA:18,1
DA:19,1
DA:28,1
DA:29,1
DA:30,0
DA:32,1
DA:37,10
DA:38,0
DA:39,0
DA:42,10
DA:43,0
DA:44,0
DA:45,0
DA:49,10
DA:52,1
DA:62,6
DA:63,1
LF:24
LH:18
BRDA:15,0,0,2
BRDA:15,0,1,1
BRDA:18,1,0,1
BRDA:18,1,1,0
BRDA:29,2,0,0
BRDA:29,2,1,1
BRDA:43,3,0,0
BRDA:43,3,1,0
BRDA:51,4,0,4
BRDA:51,4,1,6
BRDA:55,5,0,4
BRDA:55,5,1,6
BRDA:56,6,0,4
BRDA:56,6,1,6
BRDA:56,7,0,4
BRDA:56,7,1,6
BRF:16
BRH:12
end_of_record
TN:
SF:D:\work\react-todo\client\src\components\ToDo\ToDo.js
FN:13,(anonymous_0)
FN:18,(anonymous_1)
FN:23,(anonymous_2)
FN:31,(anonymous_3)
FN:38,(anonymous_4)
FN:45,(anonymous_5)
FN:52,(anonymous_6)
FN:63,(anonymous_7)
FN:83,(anonymous_8)
FN:86,(anonymous_9)
FN:89,(anonymous_10)
FN:92,(anonymous_11)
FN:100,(anonymous_12)
FN:113,(anonymous_13)
FN:114,(anonymous_14)
FN:115,(anonymous_15)
FN:116,(anonymous_16)
FN:117,(anonymous_17)
FN:118,(anonymous_18)
FNF:19
FNH:19
FNDA:23,(anonymous_0)
FNDA:1,(anonymous_1)
FNDA:1,(anonymous_2)
FNDA:1,(anonymous_3)
FNDA:1,(anonymous_4)
FNDA:1,(anonymous_5)
FNDA:1,(anonymous_6)
FNDA:1,(anonymous_7)
FNDA:1,(anonymous_8)
FNDA:1,(anonymous_9)
FNDA:2,(anonymous_10)
FNDA:1,(anonymous_11)
FNDA:1,(anonymous_12)
FNDA:18,(anonymous_13)
FNDA:1,(anonymous_14)
FNDA:1,(anonymous_15)
FNDA:1,(anonymous_16)
FNDA:1,(anonymous_17)
FNDA:1,(anonymous_18)
DA:13,3
DA:14,23
DA:15,23
DA:16,23
DA:18,23
DA:19,1
DA:20,1
DA:23,23
DA:24,1
DA:25,1
DA:26,0
DA:28,1
DA:31,23
DA:32,1
DA:33,1
DA:34,0
DA:38,23
DA:39,1
DA:40,1
DA:41,0
DA:45,23
DA:46,1
DA:47,1
DA:48,0
DA:52,23
DA:53,1
DA:54,1
DA:55,0
DA:59,23
DA:63,1
DA:83,1
DA:86,1
DA:89,2
DA:92,1
DA:100,1
DA:113,18
DA:114,1
DA:115,1
DA:116,1
DA:117,1
DA:118,1
LF:41
LH:36
BRDA:25,0,0,0
BRDA:25,0,1,1
BRDA:33,1,0,0
BRDA:33,1,1,1
BRDA:40,2,0,0
BRDA:40,2,1,1
BRDA:47,3,0,0
BRDA:47,3,1,1
BRDA:54,4,0,0
BRDA:54,4,1,1
BRDA:60,5,0,2
BRDA:60,5,1,21
BRDA:60,6,0,2
BRDA:60,6,1,21
BRDA:62,7,0,3
BRDA:62,7,1,20
BRDA:64,8,0,2
BRDA:64,8,1,18
BRDA:68,9,0,3
BRDA:68,9,1,20
BRDA:80,10,0,16
BRDA:80,10,1,4
BRDA:80,11,0,20
BRDA:80,11,1,18
BRDA:98,12,0,2
BRDA:98,12,1,18
BRDA:98,13,0,20
BRDA:98,13,1,18
BRF:28
BRH:23
end_of_record
